[18:46:06] [ServerMain/INFO]: [bootstrap] Running Java 21 (OpenJDK 64-Bit Server VM 21.0.6+7-Ubuntu-120.04.1; Ubuntu null) on Linux 6.8.0-1021-azure (amd64)
[18:46:06] [ServerMain/INFO]: [bootstrap] Loading Paper 1.21.1-57-master@b483da4 (2024-09-01T18:09:05Z) for Minecraft 1.21.1
[18:46:07] [ServerMain/INFO]: [PluginInitializerManager] Initializing plugins...
[18:46:07] [ServerMain/INFO]: [PluginInitializerManager] Initialized 10 plugins
[18:46:07] [ServerMain/INFO]: [PluginInitializerManager] Bukkit plugins (10):
 - GSit (2.3.0), Graves (4.9.7), LevelledMobs (4.3.1 b112), LuckPerms (5.4.158), SkinsRestorer (15.6.1), SmoothTimber (1.27.4), TNTAlert (1.0), UltraSetHome (1.7.9), sleep-most (5.5.3), voicechat (2.5.29)
[18:46:12] [ServerMain/INFO]: Environment: Environment[sessionHost=https://sessionserver.mojang.com, servicesHost=https://api.minecraftservices.com, name=PROD]
[18:46:14] [ServerMain/INFO]: Loaded 1290 recipes
[18:46:14] [ServerMain/INFO]: Loaded 1399 advancements
[18:46:14] [Server thread/INFO]: Starting minecraft server version 1.21.1
[18:46:14] [Server thread/INFO]: Loading properties
[18:46:14] [Server thread/INFO]: This server is running Paper version 1.21.1-57-master@b483da4 (2024-09-01T18:09:05Z) (Implementing API version 1.21.1-R0.1-SNAPSHOT)
[18:46:15] [Server thread/INFO]: [spark] This server bundles the spark profiler. For more information please visit https://docs.papermc.io/paper/profiling
[18:46:15] [Server thread/INFO]: Server Ping Player Sample Count: 12
[18:46:15] [Server thread/INFO]: Using 4 threads for Netty based IO
[18:46:16] [Server thread/INFO]: [ChunkTaskScheduler] Chunk system is using 1 I/O threads, 1 worker threads, and population gen parallelism of 1 threads
[18:46:16] [Server thread/INFO]: Default game type: SURVIVAL
[18:46:16] [Server thread/INFO]: Generating keypair
[18:46:16] [Server thread/INFO]: Starting Minecraft server on *:25565
[18:46:16] [Server thread/INFO]: Using epoll channel type
[18:46:16] [Server thread/INFO]: Paper: Using libdeflate (Linux x86_64) compression from Velocity.
[18:46:16] [Server thread/INFO]: Paper: Using OpenSSL 1.1.x (Linux x86_64) cipher from Velocity.
[18:46:16] [Server thread/WARN]: [org.bukkit.craftbukkit.legacy.CraftLegacy] Initializing Legacy Material Support. Unless you have legacy plugins and/or data this is a bug!
[18:46:23] [Server thread/WARN]: Legacy plugin TNTAlert v1.0 does not specify an api-version.
[18:46:25] [Server thread/INFO]: [GSit] Loading server plugin GSit v2.3.0
[18:46:25] [Server thread/INFO]: [TNTAlert] Loading server plugin TNTAlert v1.0
[18:46:25] [Server thread/INFO]: [SmoothTimber] Loading server plugin SmoothTimber v1.27.4
[18:46:25] [Server thread/INFO]: [LuckPerms] Loading server plugin LuckPerms v5.4.158
[18:46:25] [Server thread/INFO]: [SkinsRestorer] Loading server plugin SkinsRestorer v15.6.1
[18:46:25] [Server thread/INFO]: [voicechat] Loading server plugin voicechat v2.5.29
[18:46:25] [Server thread/INFO]: [Graves] Loading server plugin Graves v4.9.7
[18:46:25] [Server thread/INFO]: [UltraSetHome] Loading server plugin UltraSetHome v1.7.9
[18:46:25] [Server thread/INFO]: [sleep-most] Loading server plugin sleep-most v5.5.3
[18:46:25] [Server thread/INFO]: [LevelledMobs] Loading server plugin LevelledMobs v4.3.1 b112
[18:46:25] [Server thread/INFO]: [LevelledMobs] Loading commands
[18:46:26] [Server thread/INFO]: Server permissions file permissions.yml is empty, ignoring it
[18:46:26] [Server thread/INFO]: [LuckPerms] Enabling LuckPerms v5.4.158
[18:46:26] [Server thread/INFO]:         __    
[18:46:26] [Server thread/INFO]:   |    |__)   LuckPerms v5.4.158
[18:46:26] [Server thread/INFO]:   |___ |      Running on Bukkit - Paper
[18:46:26] [Server thread/INFO]: 
[18:46:26] [Server thread/INFO]: [LuckPerms] Loading configuration...
[18:46:27] [Server thread/INFO]: [LuckPerms] Loading storage provider... [H2]
[18:46:27] [Server thread/INFO]: [LuckPerms] Loading internal permission managers...
[18:46:27] [Server thread/INFO]: [LuckPerms] Performing initial data load...
[18:46:27] [Server thread/INFO]: [LuckPerms] Successfully enabled. (took 1107ms)
[18:46:27] [Server thread/INFO]: [SkinsRestorer] Enabling SkinsRestorer v15.6.1
[18:46:28] [Server thread/WARN]: [SkinsRestorer] You must agree to the rules at 'commands.perSkinPermissionsConsent' in the config to use per skin permissions.
[18:46:29] [Server thread/INFO]: [SkinsRestorer] Running on Minecraft 1.21.1.
[18:46:30] [Server thread/INFO]: [SkinsRestorer] Using paper join listener!
[18:46:30] [Server thread/WARN]: **** SERVER IS RUNNING IN OFFLINE/INSECURE MODE!
[18:46:30] [Server thread/WARN]: The server will make no attempt to authenticate usernames. Beware.
[18:46:30] [Server thread/WARN]: While this makes the game possible to play without internet access, it also opens up the ability for hackers to connect with any username they choose.
[18:46:30] [Server thread/WARN]: To change this, set "online-mode" to "true" in the server.properties file.
[18:46:30] [Server thread/INFO]: Preparing level "world"
[18:46:30] [Folia Async Scheduler Thread #1/INFO]: [SkinsRestorer] ----------------------------------------------
[18:46:30] [Folia Async Scheduler Thread #1/INFO]: [SkinsRestorer]     +==================+
[18:46:30] [Folia Async Scheduler Thread #1/INFO]: [SkinsRestorer]     |   SkinsRestorer  |
[18:46:30] [Folia Async Scheduler Thread #1/INFO]: [SkinsRestorer]     |------------------|
[18:46:30] [Folia Async Scheduler Thread #1/INFO]: [SkinsRestorer]     |  Standalone Mode |
[18:46:30] [Folia Async Scheduler Thread #1/INFO]: [SkinsRestorer]     +==================+
[18:46:30] [Folia Async Scheduler Thread #1/INFO]: [SkinsRestorer] ----------------------------------------------
[18:46:30] [Folia Async Scheduler Thread #1/INFO]: [SkinsRestorer]     Version: 15.6.1
[18:46:30] [Folia Async Scheduler Thread #1/INFO]: [SkinsRestorer]     Commit: 8687003
[18:46:30] [Folia Async Scheduler Thread #1/INFO]: [SkinsRestorer]     This is the latest version!
[18:46:30] [Folia Async Scheduler Thread #1/INFO]: [SkinsRestorer] ----------------------------------------------
[18:46:30] [Folia Async Scheduler Thread #1/INFO]: [SkinsRestorer] Do you have issues? Read our troubleshooting guide: https://skinsrestorer.net/docs/troubleshooting
[18:46:30] [Folia Async Scheduler Thread #1/INFO]: [SkinsRestorer] Want to support SkinsRestorer? Consider donating: https://skinsrestorer.net/donate
[18:46:30] [Server thread/INFO]: Preparing start region for dimension minecraft:overworld
[18:46:32] [Server thread/INFO]: Time elapsed: 1184 ms
[18:46:32] [Server thread/INFO]: Preparing start region for dimension minecraft:the_nether
[18:46:32] [Server thread/INFO]: Time elapsed: 261 ms
[18:46:32] [Server thread/INFO]: Preparing start region for dimension minecraft:the_end
[18:46:32] [Server thread/INFO]: Time elapsed: 105 ms
[18:46:32] [Server thread/INFO]: [GSit] Enabling GSit v2.3.0
[18:46:32] [Server thread/INFO]: [GSit] The plugin was successfully enabled.
[18:46:32] [Server thread/INFO]: [TNTAlert] Enabling TNTAlert v1.0*
[18:46:32] [Server thread/INFO]: [SmoothTimber] Enabling SmoothTimber v1.27.4
[18:46:32] [Server thread/INFO]: SmoothTimber || You're currently using the supported Minecraft Version 1.21.1 (Core v1_20x)
[18:46:32] [Server thread/INFO]: [voicechat] Enabling voicechat v2.5.29
[18:46:32] [Server thread/INFO]: [voicechat] Initializing compatibility for Bukkit version 1.21.1-R0.1
[18:46:32] [Server thread/INFO]: [voicechat] Compatibility version 18
[18:46:32] [Server thread/INFO]: [voicechat] Successfully initialized commodore command completion
[18:46:32] [Server thread/INFO]: [Graves] Enabling Graves v4.9.7
[18:46:32] [Server thread/INFO]: [Graves] Integration: Hooked into MiniMessage.
[18:46:33] [Server thread/INFO]: [UltraSetHome] Enabling UltraSetHome v1.7.9
[18:46:34] [Server thread/INFO]: [sleep-most] Enabling sleep-most v5.5.3
[18:46:34] [Server thread/INFO]: [sleep-most] Hooked to GSit
[18:46:34] [Server thread/INFO]: [sleep-most] GSit hook detected and registered GSit event listener
[18:46:34] [Server thread/INFO]: [LevelledMobs] Enabling LevelledMobs v4.3.1 b112
[18:46:34] [Server thread/INFO]: [LevelledMobs] Enabling commands
[18:46:34] [Server thread/INFO]: [LevelledMobs] Building reflection cache, use simple names: true
[18:46:34] [Server thread/INFO]: [LevelledMobs] Using NMS version 1.21.1 for nametag support
[18:46:34] [Server thread/INFO]: [LevelledMobs] File Loader: Loading files...
[18:46:34] [Server thread/INFO]: [LevelledMobs] File Loader: Loading file 'settings.yml'...
[18:46:34] [Server thread/INFO]: [LevelledMobs] File Loader: Loading file 'messages.yml'...
[18:46:34] [Server thread/INFO]: [LevelledMobs] File Loader: Loading file 'externalplugins.yml'...
[18:46:34] [Server thread/INFO]: [LevelledMobs] File Loader: Loading file 'rules.yml'...
[18:46:34] [Server thread/INFO]: [LevelledMobs] Current rules hash: 9b0f48e3273bb9cc29d2891ad33fb3410fec8cf1e77c2092ff670fd38f6d4ff5
[18:46:34] [Server thread/INFO]: [LevelledMobs] File Loader: Loading file 'customdrops.yml'...
[18:46:34] [Server thread/INFO]: [LevelledMobs] Listeners: Registering event listeners...
[18:46:35] [Server thread/INFO]: [LevelledMobs] Running misc procedures
[18:46:35] [Server thread/INFO]: [LevelledMobs] Tasks: Starting async nametag auto update task...
[18:46:35] [Server thread/INFO]: [LevelledMobs] Start-up complete (took 629ms)
[18:46:35] [Server thread/INFO]: [spark] Starting background profiler...
[18:46:35] [Server thread/INFO]: Done preparing level "world" (4.884s)
[18:46:35] [Server thread/INFO]: Running delayed init tasks
[18:46:35] [Craft Scheduler Thread - 1 - sleep-most/INFO]: [sleep-most] UPDATE FOUND: A newer version of sleep-most is available to download!
[18:46:35] [Server thread/INFO]: Done (29.402s)! For help, type "help"
[18:46:35] [Server thread/INFO]: Timings Reset
[18:46:35] [Server thread/INFO]: [voicechat] Loading plugins
[18:46:35] [Server thread/INFO]: [voicechat] Loaded 0 plugin(s)
[18:46:35] [Server thread/INFO]: [voicechat] Initializing plugins
[18:46:35] [Server thread/INFO]: [voicechat] Initialized 0 plugin(s)
[18:46:35] [Server thread/WARN]: [voicechat] Running in offline mode - Voice chat encryption is not secure!
[18:46:35] [VoiceChatServerThread/INFO]: [voicechat] Voice chat server started at port 24454
[18:46:35] [Server thread/INFO]: [UltraSetHome] You are using the latest version of UltraSetHome.
[18:47:28] [User Authenticator #0/INFO]: UUID of player Cami23m is 4fa8fb20-2ad5-301e-b23d-5bbfe366640e
[18:47:32] [Server thread/INFO]: Cami23m joined the game
[18:47:32] [Server thread/INFO]: Cami23m[/127.186.165.30:36419] logged in with entity id 15 at ([world]280.5, 64.0, 259.5)
[18:47:50] [Server thread/INFO]: Cami23m issued server command: /skin menu
[18:47:53] [Folia Async Scheduler Thread #3/INFO]: Environment: Environment[sessionHost=https://sessionserver.mojang.com, servicesHost=https://api.minecraftservices.com, name=PROD]
[18:49:38] [Server thread/INFO]: Cami23m lost connection: Disconnected
[18:49:38] [Server thread/INFO]: [voicechat] Disconnecting client Cami23m
[18:49:38] [Server thread/INFO]: Cami23m left the game
[18:50:15] [Server thread/INFO]: Stopping the server
[18:50:15] [Server thread/INFO]: Stopping server
[18:50:15] [Server thread/INFO]: [LevelledMobs] Disabling LevelledMobs v4.3.1 b112
[18:50:15] [Server thread/INFO]: [LevelledMobs] Unregistering commands
[18:50:15] [Server thread/INFO]: [LevelledMobs] Tasks: Shutting down other async tasks...
[18:50:15] [Server thread/INFO]: [LevelledMobs] Shut-down complete (took 2ms)
[18:50:15] [Craft Scheduler Thread - 5 - LevelledMobs/INFO]: [LevelledMobs] Mob processing queue Manager has exited
[18:50:15] [Craft Scheduler Thread - 6 - LevelledMobs/INFO]: [LevelledMobs] Nametag update queue Manager has exited
[18:50:15] [Server thread/INFO]: [sleep-most] Disabling sleep-most v5.5.3
[18:50:15] [Server thread/INFO]: [UltraSetHome] Disabling UltraSetHome v1.7.9
[18:50:15] [Server thread/INFO]: [Graves] Disabling Graves v4.9.7
[18:50:15] [Server thread/INFO]: [voicechat] Disabling voicechat v2.5.29
[18:50:15] [Server thread/INFO]: [SkinsRestorer] Disabling SkinsRestorer v15.6.1
[18:50:15] [Server thread/INFO]: [LuckPerms] Disabling LuckPerms v5.4.158
[18:50:15] [Server thread/INFO]: [LuckPerms] Starting shutdown process...
[18:50:15] [Server thread/INFO]: [LuckPerms] Closing storage...
[18:50:15] [Server thread/INFO]: [LuckPerms] Goodbye!
[18:50:15] [Server thread/INFO]: [SmoothTimber] Disabling SmoothTimber v1.27.4
[18:50:15] [Server thread/INFO]: [TNTAlert] Disabling TNTAlert v1.0
[18:50:15] [Server thread/INFO]: [GSit] Disabling GSit v2.3.0
[18:50:15] [Server thread/INFO]: [GSit] The plugin was successfully disabled.
[18:50:16] [Server thread/INFO]: Saving players
[18:50:16] [Server thread/INFO]: Saving worlds
[18:50:16] [Server thread/INFO]: Saving chunks for level 'ServerLevel[world]'/minecraft:overworld
[18:50:16] [Server thread/INFO]: [ChunkHolderManager] Waiting 60s for chunk system to halt for world 'world'
[18:50:16] [Server thread/INFO]: [ChunkHolderManager] Halted chunk system for world 'world'
[18:50:16] [Server thread/INFO]: [ChunkHolderManager] Saving all chunkholders for world 'world'
[18:50:17] [Server thread/INFO]: [ChunkHolderManager] Saved 771 block chunks, 726 entity chunks, 2 poi chunks in world 'world' in 1.13s
[18:50:17] [Server thread/INFO]: Saving chunks for level 'ServerLevel[world_nether]'/minecraft:the_nether
[18:50:17] [Server thread/INFO]: [ChunkHolderManager] Waiting 60s for chunk system to halt for world 'world_nether'
[18:50:17] [Server thread/INFO]: [ChunkHolderManager] Halted chunk system for world 'world_nether'
[18:50:17] [Server thread/INFO]: [ChunkHolderManager] Saving all chunkholders for world 'world_nether'
[18:50:17] [Server thread/INFO]: [ChunkHolderManager] Saved 49 block chunks, 49 entity chunks, 0 poi chunks in world 'world_nether' in 0.06s
[18:50:17] [Server thread/INFO]: Saving chunks for level 'ServerLevel[world_the_end]'/minecraft:the_end
[18:50:17] [Server thread/INFO]: [ChunkHolderManager] Waiting 60s for chunk system to halt for world 'world_the_end'
[18:50:17] [Server thread/INFO]: [ChunkHolderManager] Halted chunk system for world 'world_the_end'
[18:50:17] [Server thread/INFO]: [ChunkHolderManager] Saving all chunkholders for world 'world_the_end'
[18:50:17] [Server thread/INFO]: [ChunkHolderManager] Saved 49 block chunks, 49 entity chunks, 0 poi chunks in world 'world_the_end' in 0.03s
[18:50:17] [Server thread/INFO]: ThreadedAnvilChunkStorage (world): All chunks are saved
[18:50:17] [Server thread/INFO]: ThreadedAnvilChunkStorage (DIM-1): All chunks are saved
[18:50:17] [Server thread/INFO]: ThreadedAnvilChunkStorage (DIM1): All chunks are saved
[18:50:17] [Server thread/INFO]: ThreadedAnvilChunkStorage: All dimensions are saved
